Epoch: [0][0/2]	 Loss 4.1917 (4.1917)	 Prec@1 0.000 (0.000)
Test: [0/1]	 Loss 4.0361 (4.0361)	 Prec@1 0.000 (0.000)	
Epoch: [1][0/2]	 Loss 4.1442 (4.1442)	 Prec@1 8.571 (8.571)
Test: [0/1]	 Loss 3.9611 (3.9611)	 Prec@1 22.727 (22.727)	
Epoch: [2][0/2]	 Loss 3.9641 (3.9641)	 Prec@1 14.286 (14.286)
Test: [0/1]	 Loss 3.9156 (3.9156)	 Prec@1 18.182 (18.182)	
Epoch: [3][0/2]	 Loss 3.7803 (3.7803)	 Prec@1 34.286 (34.286)
Test: [0/1]	 Loss 3.9010 (3.9010)	 Prec@1 13.636 (13.636)	
Epoch: [4][0/2]	 Loss 3.4652 (3.4652)	 Prec@1 57.143 (57.143)
Test: [0/1]	 Loss 13.7246 (13.7246)	 Prec@1 13.636 (13.636)	
Epoch: [5][0/2]	 Loss 3.2643 (3.2643)	 Prec@1 60.000 (60.000)
Test: [0/1]	 Loss 3.6975 (3.6975)	 Prec@1 31.818 (31.818)	
Epoch: [6][0/2]	 Loss 2.9783 (2.9783)	 Prec@1 60.000 (60.000)
Test: [0/1]	 Loss 11.3708 (11.3708)	 Prec@1 27.273 (27.273)	
Epoch: [7][0/2]	 Loss 2.6640 (2.6640)	 Prec@1 60.000 (60.000)
Test: [0/1]	 Loss 5.3177 (5.3177)	 Prec@1 27.273 (27.273)	
Epoch: [8][0/2]	 Loss 2.1937 (2.1937)	 Prec@1 91.429 (91.429)
Test: [0/1]	 Loss 3.3152 (3.3152)	 Prec@1 27.273 (27.273)	
Epoch: [9][0/2]	 Loss 2.0662 (2.0662)	 Prec@1 71.429 (71.429)
Test: [0/1]	 Loss 3.0466 (3.0466)	 Prec@1 31.818 (31.818)	

The best precision is 31.81818199157715%